2025-05-31 13:14:24,708 [ERROR] SSL 인증서 검증 실패 (list_posts): HTTPSConnectionPool(host='www.ilbe.com', port=443): Max retries exceeded with url: /list/ilbe?page=1&listStyle=list (Caused by SSLError(SSLCertVerificationError(1, '[SSL: CERTIFICATE_VERIFY_FAILED] certificate verify failed: unable to get local issuer certificate (_ssl.c:1133)')))
2025-05-31 13:19:31,143 [ERROR] [11585521193] 크롤링 실패
Traceback (most recent call last):
  File "C:\Users\OptLab\Desktop\tori\Proejct\find_disgust\ilbe\ilbe_crawling.py", line 309, in crawl
    post_data = scrape_post(meta["url"])
NameError: name 'scrape_post' is not defined
2025-05-31 13:19:32,147 [ERROR] [11585514020] 크롤링 실패
Traceback (most recent call last):
  File "C:\Users\OptLab\Desktop\tori\Proejct\find_disgust\ilbe\ilbe_crawling.py", line 309, in crawl
    post_data = scrape_post(meta["url"])
NameError: name 'scrape_post' is not defined
2025-05-31 13:19:33,158 [ERROR] [11585518522] 크롤링 실패
Traceback (most recent call last):
  File "C:\Users\OptLab\Desktop\tori\Proejct\find_disgust\ilbe\ilbe_crawling.py", line 309, in crawl
    post_data = scrape_post(meta["url"])
NameError: name 'scrape_post' is not defined
2025-05-31 13:19:34,160 [ERROR] [11585498325] 크롤링 실패
Traceback (most recent call last):
  File "C:\Users\OptLab\Desktop\tori\Proejct\find_disgust\ilbe\ilbe_crawling.py", line 309, in crawl
    post_data = scrape_post(meta["url"])
NameError: name 'scrape_post' is not defined
2025-05-31 13:32:28,470 [ERROR] 리스트 페이지 20000 요청 실패: HTTPSConnectionPool(host='www.ilbe.com', port=443): Max retries exceeded with url: /list/ilbe?page=20000&listStyle=list (Caused by SSLError(SSLCertVerificationError(1, '[SSL: CERTIFICATE_VERIFY_FAILED] certificate verify failed: unable to get local issuer certificate (_ssl.c:1133)')))
2025-05-31 13:32:28,937 [ERROR] 리스트 페이지 19999 요청 실패: HTTPSConnectionPool(host='www.ilbe.com', port=443): Max retries exceeded with url: /list/ilbe?page=19999&listStyle=list (Caused by SSLError(SSLCertVerificationError(1, '[SSL: CERTIFICATE_VERIFY_FAILED] certificate verify failed: unable to get local issuer certificate (_ssl.c:1133)')))
2025-05-31 13:32:29,362 [ERROR] 리스트 페이지 19998 요청 실패: HTTPSConnectionPool(host='www.ilbe.com', port=443): Max retries exceeded with url: /list/ilbe?page=19998&listStyle=list (Caused by SSLError(SSLCertVerificationError(1, '[SSL: CERTIFICATE_VERIFY_FAILED] certificate verify failed: unable to get local issuer certificate (_ssl.c:1133)')))
2025-05-31 13:32:29,804 [ERROR] 리스트 페이지 19997 요청 실패: HTTPSConnectionPool(host='www.ilbe.com', port=443): Max retries exceeded with url: /list/ilbe?page=19997&listStyle=list (Caused by SSLError(SSLCertVerificationError(1, '[SSL: CERTIFICATE_VERIFY_FAILED] certificate verify failed: unable to get local issuer certificate (_ssl.c:1133)')))
2025-05-31 13:32:30,275 [ERROR] 리스트 페이지 19996 요청 실패: HTTPSConnectionPool(host='www.ilbe.com', port=443): Max retries exceeded with url: /list/ilbe?page=19996&listStyle=list (Caused by SSLError(SSLCertVerificationError(1, '[SSL: CERTIFICATE_VERIFY_FAILED] certificate verify failed: unable to get local issuer certificate (_ssl.c:1133)')))
2025-05-31 13:32:30,725 [ERROR] 리스트 페이지 19995 요청 실패: HTTPSConnectionPool(host='www.ilbe.com', port=443): Max retries exceeded with url: /list/ilbe?page=19995&listStyle=list (Caused by SSLError(SSLCertVerificationError(1, '[SSL: CERTIFICATE_VERIFY_FAILED] certificate verify failed: unable to get local issuer certificate (_ssl.c:1133)')))
2025-05-31 13:32:43,862 [ERROR] 리스트 페이지 20000 요청 실패: HTTPSConnectionPool(host='www.ilbe.com', port=443): Max retries exceeded with url: /list/ilbe?page=20000&listStyle=list (Caused by SSLError(SSLCertVerificationError(1, '[SSL: CERTIFICATE_VERIFY_FAILED] certificate verify failed: unable to get local issuer certificate (_ssl.c:1133)')))
2025-05-31 13:32:44,313 [ERROR] 리스트 페이지 19999 요청 실패: HTTPSConnectionPool(host='www.ilbe.com', port=443): Max retries exceeded with url: /list/ilbe?page=19999&listStyle=list (Caused by SSLError(SSLCertVerificationError(1, '[SSL: CERTIFICATE_VERIFY_FAILED] certificate verify failed: unable to get local issuer certificate (_ssl.c:1133)')))
2025-05-31 13:32:44,745 [ERROR] 리스트 페이지 19998 요청 실패: HTTPSConnectionPool(host='www.ilbe.com', port=443): Max retries exceeded with url: /list/ilbe?page=19998&listStyle=list (Caused by SSLError(SSLCertVerificationError(1, '[SSL: CERTIFICATE_VERIFY_FAILED] certificate verify failed: unable to get local issuer certificate (_ssl.c:1133)')))
2025-05-31 13:32:45,233 [ERROR] 리스트 페이지 19997 요청 실패: HTTPSConnectionPool(host='www.ilbe.com', port=443): Max retries exceeded with url: /list/ilbe?page=19997&listStyle=list (Caused by SSLError(SSLCertVerificationError(1, '[SSL: CERTIFICATE_VERIFY_FAILED] certificate verify failed: unable to get local issuer certificate (_ssl.c:1133)')))
2025-05-31 13:32:45,975 [ERROR] 리스트 페이지 19996 요청 실패: HTTPSConnectionPool(host='www.ilbe.com', port=443): Max retries exceeded with url: /list/ilbe?page=19996&listStyle=list (Caused by SSLError(SSLCertVerificationError(1, '[SSL: CERTIFICATE_VERIFY_FAILED] certificate verify failed: unable to get local issuer certificate (_ssl.c:1133)')))
2025-05-31 13:32:46,497 [ERROR] 리스트 페이지 19995 요청 실패: HTTPSConnectionPool(host='www.ilbe.com', port=443): Max retries exceeded with url: /list/ilbe?page=19995&listStyle=list (Caused by SSLError(SSLCertVerificationError(1, '[SSL: CERTIFICATE_VERIFY_FAILED] certificate verify failed: unable to get local issuer certificate (_ssl.c:1133)')))
2025-05-31 13:32:46,965 [ERROR] 리스트 페이지 19994 요청 실패: HTTPSConnectionPool(host='www.ilbe.com', port=443): Max retries exceeded with url: /list/ilbe?page=19994&listStyle=list (Caused by SSLError(SSLCertVerificationError(1, '[SSL: CERTIFICATE_VERIFY_FAILED] certificate verify failed: unable to get local issuer certificate (_ssl.c:1133)')))
2025-05-31 13:32:47,438 [ERROR] 리스트 페이지 19993 요청 실패: HTTPSConnectionPool(host='www.ilbe.com', port=443): Max retries exceeded with url: /list/ilbe?page=19993&listStyle=list (Caused by SSLError(SSLCertVerificationError(1, '[SSL: CERTIFICATE_VERIFY_FAILED] certificate verify failed: unable to get local issuer certificate (_ssl.c:1133)')))
2025-05-31 13:32:48,004 [ERROR] 리스트 페이지 19992 요청 실패: HTTPSConnectionPool(host='www.ilbe.com', port=443): Max retries exceeded with url: /list/ilbe?page=19992&listStyle=list (Caused by SSLError(SSLCertVerificationError(1, '[SSL: CERTIFICATE_VERIFY_FAILED] certificate verify failed: unable to get local issuer certificate (_ssl.c:1133)')))
2025-05-31 13:33:50,149 [ERROR] 리스트 페이지 20000 요청 실패: HTTPSConnectionPool(host='www.ilbe.com', port=443): Max retries exceeded with url: /list/ilbe?page=20000&listStyle=list (Caused by SSLError(SSLCertVerificationError(1, '[SSL: CERTIFICATE_VERIFY_FAILED] certificate verify failed: unable to get local issuer certificate (_ssl.c:1133)')))
2025-05-31 13:33:50,582 [ERROR] 리스트 페이지 19999 요청 실패: HTTPSConnectionPool(host='www.ilbe.com', port=443): Max retries exceeded with url: /list/ilbe?page=19999&listStyle=list (Caused by SSLError(SSLCertVerificationError(1, '[SSL: CERTIFICATE_VERIFY_FAILED] certificate verify failed: unable to get local issuer certificate (_ssl.c:1133)')))
2025-05-31 13:33:51,029 [ERROR] 리스트 페이지 19998 요청 실패: HTTPSConnectionPool(host='www.ilbe.com', port=443): Max retries exceeded with url: /list/ilbe?page=19998&listStyle=list (Caused by SSLError(SSLCertVerificationError(1, '[SSL: CERTIFICATE_VERIFY_FAILED] certificate verify failed: unable to get local issuer certificate (_ssl.c:1133)')))
2025-05-31 13:33:51,525 [ERROR] 리스트 페이지 19997 요청 실패: HTTPSConnectionPool(host='www.ilbe.com', port=443): Max retries exceeded with url: /list/ilbe?page=19997&listStyle=list (Caused by SSLError(SSLCertVerificationError(1, '[SSL: CERTIFICATE_VERIFY_FAILED] certificate verify failed: unable to get local issuer certificate (_ssl.c:1133)')))
2025-05-31 13:34:32,354 [ERROR] 리스트 페이지 20000 요청 실패: HTTPSConnectionPool(host='www.ilbe.com', port=443): Max retries exceeded with url: /list/ilbe?page=20000&listStyle=list (Caused by SSLError(SSLCertVerificationError(1, '[SSL: CERTIFICATE_VERIFY_FAILED] certificate verify failed: unable to get local issuer certificate (_ssl.c:1133)')))
2025-05-31 13:34:32,774 [ERROR] 리스트 페이지 19999 요청 실패: HTTPSConnectionPool(host='www.ilbe.com', port=443): Max retries exceeded with url: /list/ilbe?page=19999&listStyle=list (Caused by SSLError(SSLCertVerificationError(1, '[SSL: CERTIFICATE_VERIFY_FAILED] certificate verify failed: unable to get local issuer certificate (_ssl.c:1133)')))
2025-05-31 13:34:33,208 [ERROR] 리스트 페이지 19998 요청 실패: HTTPSConnectionPool(host='www.ilbe.com', port=443): Max retries exceeded with url: /list/ilbe?page=19998&listStyle=list (Caused by SSLError(SSLCertVerificationError(1, '[SSL: CERTIFICATE_VERIFY_FAILED] certificate verify failed: unable to get local issuer certificate (_ssl.c:1133)')))
2025-05-31 13:34:33,656 [ERROR] 리스트 페이지 19997 요청 실패: HTTPSConnectionPool(host='www.ilbe.com', port=443): Max retries exceeded with url: /list/ilbe?page=19997&listStyle=list (Caused by SSLError(SSLCertVerificationError(1, '[SSL: CERTIFICATE_VERIFY_FAILED] certificate verify failed: unable to get local issuer certificate (_ssl.c:1133)')))
2025-05-31 13:34:34,192 [ERROR] 리스트 페이지 19996 요청 실패: HTTPSConnectionPool(host='www.ilbe.com', port=443): Max retries exceeded with url: /list/ilbe?page=19996&listStyle=list (Caused by SSLError(SSLCertVerificationError(1, '[SSL: CERTIFICATE_VERIFY_FAILED] certificate verify failed: unable to get local issuer certificate (_ssl.c:1133)')))
2025-05-31 13:34:34,619 [ERROR] 리스트 페이지 19995 요청 실패: HTTPSConnectionPool(host='www.ilbe.com', port=443): Max retries exceeded with url: /list/ilbe?page=19995&listStyle=list (Caused by SSLError(SSLCertVerificationError(1, '[SSL: CERTIFICATE_VERIFY_FAILED] certificate verify failed: unable to get local issuer certificate (_ssl.c:1133)')))
2025-05-31 13:34:35,091 [ERROR] 리스트 페이지 19994 요청 실패: HTTPSConnectionPool(host='www.ilbe.com', port=443): Max retries exceeded with url: /list/ilbe?page=19994&listStyle=list (Caused by SSLError(SSLCertVerificationError(1, '[SSL: CERTIFICATE_VERIFY_FAILED] certificate verify failed: unable to get local issuer certificate (_ssl.c:1133)')))
2025-05-31 13:34:35,509 [ERROR] 리스트 페이지 19993 요청 실패: HTTPSConnectionPool(host='www.ilbe.com', port=443): Max retries exceeded with url: /list/ilbe?page=19993&listStyle=list (Caused by SSLError(SSLCertVerificationError(1, '[SSL: CERTIFICATE_VERIFY_FAILED] certificate verify failed: unable to get local issuer certificate (_ssl.c:1133)')))
2025-05-31 13:34:35,911 [ERROR] 리스트 페이지 19992 요청 실패: HTTPSConnectionPool(host='www.ilbe.com', port=443): Max retries exceeded with url: /list/ilbe?page=19992&listStyle=list (Caused by SSLError(SSLCertVerificationError(1, '[SSL: CERTIFICATE_VERIFY_FAILED] certificate verify failed: unable to get local issuer certificate (_ssl.c:1133)')))
2025-05-31 13:34:36,398 [ERROR] 리스트 페이지 19991 요청 실패: HTTPSConnectionPool(host='www.ilbe.com', port=443): Max retries exceeded with url: /list/ilbe?page=19991&listStyle=list (Caused by SSLError(SSLCertVerificationError(1, '[SSL: CERTIFICATE_VERIFY_FAILED] certificate verify failed: unable to get local issuer certificate (_ssl.c:1133)')))
2025-05-31 13:35:28,738 [ERROR] 리스트 페이지 20000 요청 실패: HTTPSConnectionPool(host='www.ilbe.com', port=443): Max retries exceeded with url: /list/ilbe?page=20000&listStyle=list (Caused by SSLError(SSLCertVerificationError(1, '[SSL: CERTIFICATE_VERIFY_FAILED] certificate verify failed: unable to get local issuer certificate (_ssl.c:1133)')))
2025-05-31 13:35:29,196 [ERROR] 리스트 페이지 19999 요청 실패: HTTPSConnectionPool(host='www.ilbe.com', port=443): Max retries exceeded with url: /list/ilbe?page=19999&listStyle=list (Caused by SSLError(SSLCertVerificationError(1, '[SSL: CERTIFICATE_VERIFY_FAILED] certificate verify failed: unable to get local issuer certificate (_ssl.c:1133)')))
2025-05-31 13:35:29,612 [ERROR] 리스트 페이지 19998 요청 실패: HTTPSConnectionPool(host='www.ilbe.com', port=443): Max retries exceeded with url: /list/ilbe?page=19998&listStyle=list (Caused by SSLError(SSLCertVerificationError(1, '[SSL: CERTIFICATE_VERIFY_FAILED] certificate verify failed: unable to get local issuer certificate (_ssl.c:1133)')))
2025-05-31 13:35:30,045 [ERROR] 리스트 페이지 19997 요청 실패: HTTPSConnectionPool(host='www.ilbe.com', port=443): Max retries exceeded with url: /list/ilbe?page=19997&listStyle=list (Caused by SSLError(SSLCertVerificationError(1, '[SSL: CERTIFICATE_VERIFY_FAILED] certificate verify failed: unable to get local issuer certificate (_ssl.c:1133)')))
2025-05-31 13:35:30,604 [ERROR] 리스트 페이지 19996 요청 실패: HTTPSConnectionPool(host='www.ilbe.com', port=443): Max retries exceeded with url: /list/ilbe?page=19996&listStyle=list (Caused by SSLError(SSLCertVerificationError(1, '[SSL: CERTIFICATE_VERIFY_FAILED] certificate verify failed: unable to get local issuer certificate (_ssl.c:1133)')))
2025-05-31 13:35:31,049 [ERROR] 리스트 페이지 19995 요청 실패: HTTPSConnectionPool(host='www.ilbe.com', port=443): Max retries exceeded with url: /list/ilbe?page=19995&listStyle=list (Caused by SSLError(SSLCertVerificationError(1, '[SSL: CERTIFICATE_VERIFY_FAILED] certificate verify failed: unable to get local issuer certificate (_ssl.c:1133)')))
2025-05-31 13:35:31,495 [ERROR] 리스트 페이지 19994 요청 실패: HTTPSConnectionPool(host='www.ilbe.com', port=443): Max retries exceeded with url: /list/ilbe?page=19994&listStyle=list (Caused by SSLError(SSLCertVerificationError(1, '[SSL: CERTIFICATE_VERIFY_FAILED] certificate verify failed: unable to get local issuer certificate (_ssl.c:1133)')))
2025-05-31 13:35:32,016 [ERROR] 리스트 페이지 19993 요청 실패: HTTPSConnectionPool(host='www.ilbe.com', port=443): Max retries exceeded with url: /list/ilbe?page=19993&listStyle=list (Caused by SSLError(SSLCertVerificationError(1, '[SSL: CERTIFICATE_VERIFY_FAILED] certificate verify failed: unable to get local issuer certificate (_ssl.c:1133)')))
2025-05-31 13:35:32,435 [ERROR] 리스트 페이지 19992 요청 실패: HTTPSConnectionPool(host='www.ilbe.com', port=443): Max retries exceeded with url: /list/ilbe?page=19992&listStyle=list (Caused by SSLError(SSLCertVerificationError(1, '[SSL: CERTIFICATE_VERIFY_FAILED] certificate verify failed: unable to get local issuer certificate (_ssl.c:1133)')))
2025-05-31 13:35:32,937 [ERROR] 리스트 페이지 19991 요청 실패: HTTPSConnectionPool(host='www.ilbe.com', port=443): Max retries exceeded with url: /list/ilbe?page=19991&listStyle=list (Caused by SSLError(SSLCertVerificationError(1, '[SSL: CERTIFICATE_VERIFY_FAILED] certificate verify failed: unable to get local issuer certificate (_ssl.c:1133)')))
2025-05-31 13:35:33,353 [ERROR] 리스트 페이지 19990 요청 실패: HTTPSConnectionPool(host='www.ilbe.com', port=443): Max retries exceeded with url: /list/ilbe?page=19990&listStyle=list (Caused by SSLError(SSLCertVerificationError(1, '[SSL: CERTIFICATE_VERIFY_FAILED] certificate verify failed: unable to get local issuer certificate (_ssl.c:1133)')))
2025-05-31 13:35:33,776 [ERROR] 리스트 페이지 19989 요청 실패: HTTPSConnectionPool(host='www.ilbe.com', port=443): Max retries exceeded with url: /list/ilbe?page=19989&listStyle=list (Caused by SSLError(SSLCertVerificationError(1, '[SSL: CERTIFICATE_VERIFY_FAILED] certificate verify failed: unable to get local issuer certificate (_ssl.c:1133)')))
2025-05-31 13:35:34,218 [ERROR] 리스트 페이지 19988 요청 실패: HTTPSConnectionPool(host='www.ilbe.com', port=443): Max retries exceeded with url: /list/ilbe?page=19988&listStyle=list (Caused by SSLError(SSLCertVerificationError(1, '[SSL: CERTIFICATE_VERIFY_FAILED] certificate verify failed: unable to get local issuer certificate (_ssl.c:1133)')))
2025-05-31 13:35:34,651 [ERROR] 리스트 페이지 19987 요청 실패: HTTPSConnectionPool(host='www.ilbe.com', port=443): Max retries exceeded with url: /list/ilbe?page=19987&listStyle=list (Caused by SSLError(SSLCertVerificationError(1, '[SSL: CERTIFICATE_VERIFY_FAILED] certificate verify failed: unable to get local issuer certificate (_ssl.c:1133)')))
2025-05-31 13:35:35,120 [ERROR] 리스트 페이지 19986 요청 실패: HTTPSConnectionPool(host='www.ilbe.com', port=443): Max retries exceeded with url: /list/ilbe?page=19986&listStyle=list (Caused by SSLError(SSLCertVerificationError(1, '[SSL: CERTIFICATE_VERIFY_FAILED] certificate verify failed: unable to get local issuer certificate (_ssl.c:1133)')))
2025-05-31 13:35:35,603 [ERROR] 리스트 페이지 19985 요청 실패: HTTPSConnectionPool(host='www.ilbe.com', port=443): Max retries exceeded with url: /list/ilbe?page=19985&listStyle=list (Caused by SSLError(SSLCertVerificationError(1, '[SSL: CERTIFICATE_VERIFY_FAILED] certificate verify failed: unable to get local issuer certificate (_ssl.c:1133)')))
2025-05-31 13:35:36,262 [ERROR] 리스트 페이지 19984 요청 실패: HTTPSConnectionPool(host='www.ilbe.com', port=443): Max retries exceeded with url: /list/ilbe?page=19984&listStyle=list (Caused by SSLError(SSLCertVerificationError(1, '[SSL: CERTIFICATE_VERIFY_FAILED] certificate verify failed: unable to get local issuer certificate (_ssl.c:1133)')))
2025-05-31 13:35:36,709 [ERROR] 리스트 페이지 19983 요청 실패: HTTPSConnectionPool(host='www.ilbe.com', port=443): Max retries exceeded with url: /list/ilbe?page=19983&listStyle=list (Caused by SSLError(SSLCertVerificationError(1, '[SSL: CERTIFICATE_VERIFY_FAILED] certificate verify failed: unable to get local issuer certificate (_ssl.c:1133)')))
2025-05-31 13:35:37,149 [ERROR] 리스트 페이지 19982 요청 실패: HTTPSConnectionPool(host='www.ilbe.com', port=443): Max retries exceeded with url: /list/ilbe?page=19982&listStyle=list (Caused by SSLError(SSLCertVerificationError(1, '[SSL: CERTIFICATE_VERIFY_FAILED] certificate verify failed: unable to get local issuer certificate (_ssl.c:1133)')))
2025-05-31 13:35:37,573 [ERROR] 리스트 페이지 19981 요청 실패: HTTPSConnectionPool(host='www.ilbe.com', port=443): Max retries exceeded with url: /list/ilbe?page=19981&listStyle=list (Caused by SSLError(SSLCertVerificationError(1, '[SSL: CERTIFICATE_VERIFY_FAILED] certificate verify failed: unable to get local issuer certificate (_ssl.c:1133)')))
2025-05-31 13:35:38,011 [ERROR] 리스트 페이지 19980 요청 실패: HTTPSConnectionPool(host='www.ilbe.com', port=443): Max retries exceeded with url: /list/ilbe?page=19980&listStyle=list (Caused by SSLError(SSLCertVerificationError(1, '[SSL: CERTIFICATE_VERIFY_FAILED] certificate verify failed: unable to get local issuer certificate (_ssl.c:1133)')))
2025-05-31 13:35:38,582 [ERROR] 리스트 페이지 19979 요청 실패: HTTPSConnectionPool(host='www.ilbe.com', port=443): Max retries exceeded with url: /list/ilbe?page=19979&listStyle=list (Caused by SSLError(SSLCertVerificationError(1, '[SSL: CERTIFICATE_VERIFY_FAILED] certificate verify failed: unable to get local issuer certificate (_ssl.c:1133)')))
2025-05-31 13:35:39,328 [ERROR] 리스트 페이지 19978 요청 실패: HTTPSConnectionPool(host='www.ilbe.com', port=443): Max retries exceeded with url: /list/ilbe?page=19978&listStyle=list (Caused by SSLError(SSLCertVerificationError(1, '[SSL: CERTIFICATE_VERIFY_FAILED] certificate verify failed: unable to get local issuer certificate (_ssl.c:1133)')))
